2026-04-03 11:14:03 [INFO] main: Планировщик: каждые 60 мин. в торговые дни.
2026-04-03 11:14:03 [INFO] main: ============================================================
2026-04-03 11:14:03 [INFO] main: Запуск: 03.04.2026 11:14:03
2026-04-03 11:14:03 [INFO] main: Порог ЛОНГ >= 3, ШОРТ <= -3
2026-04-03 11:14:03 [INFO] main: ============================================================
2026-04-03 11:14:03 [INFO] ideas_generator: ============================================================
2026-04-03 11:14:03 [INFO] ideas_generator: Генерация идей: 03.04.2026 11:14
2026-04-03 11:14:03 [INFO] ideas_generator: Тикеров: 20, потоков: 8
2026-04-03 11:14:03 [INFO] ideas_generator: ============================================================
2026-04-03 11:14:03 [DEBUG] urllib3.connectionpool: Starting new HTTPS connection (1): iss.moex.com:443
2026-04-03 11:14:03 [DEBUG] urllib3.connectionpool: https://iss.moex.com:443 "GET /iss/engines/stock/markets/index/securities/IMOEX.json?iss.meta=off&iss.only=marketdata HTTP/1.1" 200 None
2026-04-03 11:14:03 [INFO] ideas_generator: IMOEX: 2779 (+0.17%)
2026-04-03 11:14:04 [DEBUG] urllib3.connectionpool: Starting new HTTPS connection (1): iss.moex.com:443
2026-04-03 11:14:04 [DEBUG] urllib3.connectionpool: Starting new HTTPS connection (1): iss.moex.com:443
2026-04-03 11:14:04 [DEBUG] urllib3.connectionpool: Starting new HTTPS connection (1): iss.moex.com:443
2026-04-03 11:14:04 [DEBUG] urllib3.connectionpool: Starting new HTTPS connection (1): iss.moex.com:443
2026-04-03 11:14:04 [DEBUG] urllib3.connectionpool: Starting new HTTPS connection (1): iss.moex.com:443
2026-04-03 11:14:04 [DEBUG] urllib3.connectionpool: Starting new HTTPS connection (1): iss.moex.com:443
2026-04-03 11:14:04 [DEBUG] urllib3.connectionpool: Starting new HTTPS connection (1): iss.moex.com:443
2026-04-03 11:14:04 [DEBUG] urllib3.connectionpool: Starting new HTTPS connection (1): iss.moex.com:443
2026-04-03 11:14:04 [DEBUG] urllib3.connectionpool: https://iss.moex.com:443 "GET /iss/engines/stock/markets/shares/boards/TQBR/securities/SBER/candles.json?from=2026-03-30&till=2026-04-03&interval=24&start=0 HTTP/1.1" 200 None
2026-04-03 11:14:05 [DEBUG] urllib3.connectionpool: https://iss.moex.com:443 "GET /iss/engines/stock/markets/shares/boards/TQBR/securities/ROSN/candles.json?from=2026-03-30&till=2026-04-03&interval=24&start=0 HTTP/1.1" 200 None
2026-04-03 11:14:05 [DEBUG] urllib3.connectionpool: https://iss.moex.com:443 "GET /iss/engines/stock/markets/shares/boards/TQBR/securities/VTBR/candles.json?from=2026-03-30&till=2026-04-03&interval=24&start=0 HTTP/1.1" 200 None
2026-04-03 11:14:05 [DEBUG] urllib3.connectionpool: https://iss.moex.com:443 "GET /iss/engines/stock/markets/shares/boards/TQBR/securities/GMKN/candles.json?from=2026-03-30&till=2026-04-03&interval=24&start=0 HTTP/1.1" 200 None
2026-04-03 11:14:05 [DEBUG] urllib3.connectionpool: https://iss.moex.com:443 "GET /iss/engines/stock/markets/shares/boards/TQBR/securities/GAZP/candles.json?from=2026-03-30&till=2026-04-03&interval=24&start=0 HTTP/1.1" 200 None
2026-04-03 11:14:05 [DEBUG] urllib3.connectionpool: https://iss.moex.com:443 "GET /iss/engines/stock/markets/shares/boards/TQBR/securities/NLMK/candles.json?from=2026-03-30&till=2026-04-03&interval=24&start=0 HTTP/1.1" 200 None
2026-04-03 11:14:05 [DEBUG] urllib3.connectionpool: https://iss.moex.com:443 "GET /iss/engines/stock/markets/shares/boards/TQBR/securities/MTSS/candles.json?from=2026-03-30&till=2026-04-03&interval=24&start=0 HTTP/1.1" 200 None
2026-04-03 11:14:05 [DEBUG] urllib3.connectionpool: https://iss.moex.com:443 "GET /iss/engines/stock/markets/shares/boards/TQBR/securities/MAGN/candles.json?from=2026-03-30&till=2026-04-03&interval=24&start=0 HTTP/1.1" 200 None
2026-04-03 11:14:05 [DEBUG] urllib3.connectionpool: Starting new HTTPS connection (1): iss.moex.com:443
2026-04-03 11:14:05 [DEBUG] urllib3.connectionpool: Starting new HTTPS connection (1): iss.moex.com:443
2026-04-03 11:14:05 [DEBUG] urllib3.connectionpool: Starting new HTTPS connection (1): iss.moex.com:443
2026-04-03 11:14:05 [DEBUG] urllib3.connectionpool: Starting new HTTPS connection (1): iss.moex.com:443
2026-04-03 11:14:05 [DEBUG] urllib3.connectionpool: Starting new HTTPS connection (1): iss.moex.com:443
2026-04-03 11:14:05 [DEBUG] urllib3.connectionpool: Starting new HTTPS connection (1): iss.moex.com:443
2026-04-03 11:14:05 [DEBUG] urllib3.connectionpool: Starting new HTTPS connection (1): iss.moex.com:443
2026-04-03 11:14:05 [DEBUG] urllib3.connectionpool: Starting new HTTPS connection (1): iss.moex.com:443
2026-04-03 11:14:05 [DEBUG] urllib3.connectionpool: https://iss.moex.com:443 "GET /iss/engines/stock/markets/shares/boards/TQBR/securities/GAZP.json?iss.meta=off&iss.only=marketdata%2Csecurities HTTP/1.1" 200 None
2026-04-03 11:14:05 [DEBUG] urllib3.connectionpool: https://iss.moex.com:443 "GET /iss/engines/stock/markets/shares/boards/TQBR/securities/GMKN.json?iss.meta=off&iss.only=marketdata%2Csecurities HTTP/1.1" 200 None
2026-04-03 11:14:05 [DEBUG] urllib3.connectionpool: https://iss.moex.com:443 "GET /iss/engines/stock/markets/shares/boards/TQBR/securities/ROSN.json?iss.meta=off&iss.only=marketdata%2Csecurities HTTP/1.1" 200 None
2026-04-03 11:14:05 [DEBUG] urllib3.connectionpool: https://iss.moex.com:443 "GET /iss/engines/stock/markets/shares/boards/TQBR/securities/NLMK.json?iss.meta=off&iss.only=marketdata%2Csecurities HTTP/1.1" 200 None
2026-04-03 11:14:05 [DEBUG] urllib3.connectionpool: https://iss.moex.com:443 "GET /iss/engines/stock/markets/shares/boards/TQBR/securities/VTBR.json?iss.meta=off&iss.only=marketdata%2Csecurities HTTP/1.1" 200 None
2026-04-03 11:14:05 [DEBUG] urllib3.connectionpool: https://iss.moex.com:443 "GET /iss/engines/stock/markets/shares/boards/TQBR/securities/SBER.json?iss.meta=off&iss.only=marketdata%2Csecurities HTTP/1.1" 200 None
2026-04-03 11:14:05 [DEBUG] urllib3.connectionpool: https://iss.moex.com:443 "GET /iss/engines/stock/markets/shares/boards/TQBR/securities/MAGN.json?iss.meta=off&iss.only=marketdata%2Csecurities HTTP/1.1" 200 None
2026-04-03 11:14:05 [DEBUG] urllib3.connectionpool: https://iss.moex.com:443 "GET /iss/engines/stock/markets/shares/boards/TQBR/securities/MTSS.json?iss.meta=off&iss.only=marketdata%2Csecurities HTTP/1.1" 200 None
2026-04-03 11:14:05 [DEBUG] urllib3.connectionpool: Starting new HTTPS connection (1): iss.moex.com:443
2026-04-03 11:14:05 [DEBUG] urllib3.connectionpool: Starting new HTTPS connection (1): iss.moex.com:443
2026-04-03 11:14:05 [DEBUG] urllib3.connectionpool: Starting new HTTPS connection (1): iss.moex.com:443
2026-04-03 11:14:05 [DEBUG] urllib3.connectionpool: Starting new HTTPS connection (1): iss.moex.com:443
2026-04-03 11:14:05 [DEBUG] urllib3.connectionpool: Starting new HTTPS connection (1): iss.moex.com:443
2026-04-03 11:14:06 [DEBUG] urllib3.connectionpool: Starting new HTTPS connection (1): iss.moex.com:443
2026-04-03 11:14:06 [DEBUG] urllib3.connectionpool: Starting new HTTPS connection (1): iss.moex.com:443
2026-04-03 11:14:06 [DEBUG] urllib3.connectionpool: Starting new HTTPS connection (1): iss.moex.com:443
2026-04-03 11:14:06 [DEBUG] urllib3.connectionpool: https://iss.moex.com:443 "GET /iss/engines/stock/markets/shares/boards/TQBR/securities/ROSN/candles.json?from=2025-04-04&till=2026-04-03&interval=7&start=0 HTTP/1.1" 200 None
2026-04-03 11:14:06 [DEBUG] urllib3.connectionpool: https://iss.moex.com:443 "GET /iss/engines/stock/markets/shares/boards/TQBR/securities/VTBR/candles.json?from=2025-04-04&till=2026-04-03&interval=7&start=0 HTTP/1.1" 200 None
2026-04-03 11:14:06 [DEBUG] urllib3.connectionpool: https://iss.moex.com:443 "GET /iss/engines/stock/markets/shares/boards/TQBR/securities/GAZP/candles.json?from=2025-04-04&till=2026-04-03&interval=7&start=0 HTTP/1.1" 200 None
2026-04-03 11:14:06 [DEBUG] urllib3.connectionpool: Starting new HTTPS connection (1): iss.moex.com:443
2026-04-03 11:14:06 [DEBUG] urllib3.connectionpool: Starting new HTTPS connection (1): iss.moex.com:443
2026-04-03 11:14:06 [DEBUG] urllib3.connectionpool: https://iss.moex.com:443 "GET /iss/engines/stock/markets/shares/boards/TQBR/securities/SBER/candles.json?from=2025-04-04&till=2026-04-03&interval=7&start=0 HTTP/1.1" 200 None
2026-04-03 11:14:06 [DEBUG] urllib3.connectionpool: Starting new HTTPS connection (1): iss.moex.com:443
2026-04-03 11:14:06 [DEBUG] urllib3.connectionpool: https://iss.moex.com:443 "GET /iss/engines/stock/markets/shares/boards/TQBR/securities/GMKN/candles.json?from=2025-04-04&till=2026-04-03&interval=7&start=0 HTTP/1.1" 200 None
2026-04-03 11:14:06 [DEBUG] urllib3.connectionpool: https://iss.moex.com:443 "GET /iss/engines/stock/markets/shares/boards/TQBR/securities/NLMK/candles.json?from=2025-04-04&till=2026-04-03&interval=7&start=0 HTTP/1.1" 200 None
2026-04-03 11:14:06 [DEBUG] urllib3.connectionpool: https://iss.moex.com:443 "GET /iss/engines/stock/markets/shares/boards/TQBR/securities/MTSS/candles.json?from=2025-04-04&till=2026-04-03&interval=7&start=0 HTTP/1.1" 200 None
2026-04-03 11:14:06 [DEBUG] urllib3.connectionpool: Starting new HTTPS connection (1): iss.moex.com:443
2026-04-03 11:14:06 [DEBUG] urllib3.connectionpool: Starting new HTTPS connection (1): iss.moex.com:443
2026-04-03 11:14:06 [DEBUG] urllib3.connectionpool: Starting new HTTPS connection (1): iss.moex.com:443
2026-04-03 11:14:06 [DEBUG] urllib3.connectionpool: Starting new HTTPS connection (1): iss.moex.com:443
2026-04-03 11:14:06 [DEBUG] urllib3.connectionpool: https://iss.moex.com:443 "GET /iss/engines/stock/markets/shares/boards/TQBR/securities/MAGN/candles.json?from=2025-04-04&till=2026-04-03&interval=7&start=0 HTTP/1.1" 200 None
2026-04-03 11:14:06 [DEBUG] urllib3.connectionpool: Starting new HTTPS connection (1): iss.moex.com:443
2026-04-03 11:14:06 [DEBUG] urllib3.connectionpool: https://iss.moex.com:443 "GET /iss/securities/VTBR/dividends.json?iss.meta=off HTTP/1.1" 200 None
2026-04-03 11:14:06 [INFO] ideas_generator:   VTBR: ШОРТ (RSI 70.5, тех: -6, новости: -3, таймфрейм: Недельный EMA20 растёт (8, итого: -9)
2026-04-03 11:14:06 [DEBUG] urllib3.connectionpool: https://iss.moex.com:443 "GET /iss/securities/GAZP/dividends.json?iss.meta=off HTTP/1.1" 200 None
2026-04-03 11:14:06 [INFO] ideas_generator:   GAZP: НЕЙТРАЛЬНО (RSI 55.5, тех: +0, новости: +1, таймфрейм: Недельный EMA20 растёт (1, итого: +1)
2026-04-03 11:14:06 [DEBUG] urllib3.connectionpool: https://iss.moex.com:443 "GET /iss/securities/GMKN/dividends.json?iss.meta=off HTTP/1.1" 200 None
2026-04-03 11:14:06 [INFO] ideas_generator:   GMKN: НЕЙТРАЛЬНО (RSI 25.4, тех: -1, новости: +1, таймфрейм: Недельный EMA20 падает (1, итого: +0)
2026-04-03 11:14:06 [DEBUG] urllib3.connectionpool: https://iss.moex.com:443 "GET /iss/securities/NLMK/dividends.json?iss.meta=off HTTP/1.1" 200 None
2026-04-03 11:14:06 [INFO] ideas_generator:   NLMK: НЕЙТРАЛЬНО (RSI 35.7, тех: -1, новости: +1, таймфрейм: Недельный EMA20 падает (1, итого: +0)
2026-04-03 11:14:06 [DEBUG] urllib3.connectionpool: https://iss.moex.com:443 "GET /iss/securities/MAGN/dividends.json?iss.meta=off HTTP/1.1" 200 None
2026-04-03 11:14:06 [INFO] ideas_generator:   MAGN: НЕЙТРАЛЬНО (RSI 37.5, тех: +0, новости: +2, таймфрейм: Недельный EMA20 падает (2, итого: +2)
2026-04-03 11:14:06 [DEBUG] urllib3.connectionpool: https://iss.moex.com:443 "GET /iss/securities/ROSN/dividends.json?iss.meta=off HTTP/1.1" 200 None
2026-04-03 11:14:06 [INFO] ideas_generator:   ROSN: ШОРТ (RSI 44.3, тех: -3, новости: -1, таймфрейм: Недельный EMA20 растёт (4, итого: -4)
2026-04-03 11:14:06 [DEBUG] urllib3.connectionpool: https://iss.moex.com:443 "GET /iss/securities/MTSS/dividends.json?iss.meta=off HTTP/1.1" 200 None
2026-04-03 11:14:06 [DEBUG] urllib3.connectionpool: https://iss.moex.com:443 "GET /iss/securities/SBER/dividends.json?iss.meta=off HTTP/1.1" 200 None
2026-04-03 11:14:06 [INFO] ideas_generator:   MTSS: НЕЙТРАЛЬНО (RSI 47.7, тех: +0, новости: +0, таймфрейм: Недельный EMA20 растёт (2, итого: +0)
2026-04-03 11:14:06 [INFO] ideas_generator:   SBER: НЕЙТРАЛЬНО (RSI 55.0, тех: +0, новости: -2, таймфрейм: Недельный EMA20 растёт (3, итого: -2)
2026-04-03 11:14:06 [DEBUG] urllib3.connectionpool: Starting new HTTPS connection (1): iss.moex.com:443
2026-04-03 11:14:06 [DEBUG] urllib3.connectionpool: Starting new HTTPS connection (1): iss.moex.com:443
2026-04-03 11:14:06 [DEBUG] urllib3.connectionpool: Starting new HTTPS connection (1): iss.moex.com:443
2026-04-03 11:14:06 [DEBUG] urllib3.connectionpool: Starting new HTTPS connection (1): iss.moex.com:443
2026-04-03 11:14:06 [DEBUG] urllib3.connectionpool: Starting new HTTPS connection (1): iss.moex.com:443
2026-04-03 11:14:06 [DEBUG] urllib3.connectionpool: Starting new HTTPS connection (1): iss.moex.com:443
2026-04-03 11:14:06 [DEBUG] urllib3.connectionpool: Starting new HTTPS connection (1): iss.moex.com:443
2026-04-03 11:14:06 [DEBUG] urllib3.connectionpool: Starting new HTTPS connection (1): iss.moex.com:443
2026-04-03 11:14:06 [DEBUG] urllib3.connectionpool: https://iss.moex.com:443 "GET /iss/engines/stock/markets/shares/boards/TQBR/securities/FLOT/candles.json?from=2026-03-30&till=2026-04-03&interval=24&start=0 HTTP/1.1" 200 None
2026-04-03 11:14:06 [DEBUG] urllib3.connectionpool: https://iss.moex.com:443 "GET /iss/engines/stock/markets/shares/boards/TQBR/securities/FEES/candles.json?from=2026-03-30&till=2026-04-03&interval=24&start=0 HTTP/1.1" 200 None
2026-04-03 11:14:06 [DEBUG] urllib3.connectionpool: https://iss.moex.com:443 "GET /iss/engines/stock/markets/shares/boards/TQBR/securities/IRAO/candles.json?from=2026-03-30&till=2026-04-03&interval=24&start=0 HTTP/1.1" 200 None
2026-04-03 11:14:06 [DEBUG] urllib3.connectionpool: https://iss.moex.com:443 "GET /iss/engines/stock/markets/shares/boards/TQBR/securities/TATN/candles.json?from=2026-03-30&till=2026-04-03&interval=24&start=0 HTTP/1.1" 200 None
2026-04-03 11:14:06 [DEBUG] urllib3.connectionpool: https://iss.moex.com:443 "GET /iss/engines/stock/markets/shares/boards/TQBR/securities/NMTP/candles.json?from=2026-03-30&till=2026-04-03&interval=24&start=0 HTTP/1.1" 200 None
2026-04-03 11:14:06 [DEBUG] urllib3.connectionpool: https://iss.moex.com:443 "GET /iss/engines/stock/markets/shares/boards/TQBR/securities/SNGSP/candles.json?from=2026-03-30&till=2026-04-03&interval=24&start=0 HTTP/1.1" 200 None
2026-04-03 11:14:07 [DEBUG] urllib3.connectionpool: https://iss.moex.com:443 "GET /iss/engines/stock/markets/shares/boards/TQBR/securities/SIBN/candles.json?from=2026-03-30&till=2026-04-03&interval=24&start=0 HTTP/1.1" 200 None
2026-04-03 11:14:07 [DEBUG] urllib3.connectionpool: https://iss.moex.com:443 "GET /iss/engines/stock/markets/shares/boards/TQBR/securities/CBOM/candles.json?from=2026-03-30&till=2026-04-03&interval=24&start=0 HTTP/1.1" 200 None
2026-04-03 11:14:07 [DEBUG] urllib3.connectionpool: Starting new HTTPS connection (1): iss.moex.com:443
2026-04-03 11:14:07 [DEBUG] urllib3.connectionpool: Starting new HTTPS connection (1): iss.moex.com:443
2026-04-03 11:14:07 [DEBUG] urllib3.connectionpool: Starting new HTTPS connection (1): iss.moex.com:443
2026-04-03 11:14:07 [DEBUG] urllib3.connectionpool: Starting new HTTPS connection (1): iss.moex.com:443
2026-04-03 11:14:07 [DEBUG] urllib3.connectionpool: Starting new HTTPS connection (1): iss.moex.com:443
2026-04-03 11:14:07 [DEBUG] urllib3.connectionpool: Starting new HTTPS connection (1): iss.moex.com:443
2026-04-03 11:14:07 [DEBUG] urllib3.connectionpool: Starting new HTTPS connection (1): iss.moex.com:443
2026-04-03 11:14:07 [DEBUG] urllib3.connectionpool: Starting new HTTPS connection (1): iss.moex.com:443
2026-04-03 11:14:07 [DEBUG] urllib3.connectionpool: https://iss.moex.com:443 "GET /iss/engines/stock/markets/shares/boards/TQBR/securities/SNGSP.json?iss.meta=off&iss.only=marketdata%2Csecurities HTTP/1.1" 200 None
2026-04-03 11:14:07 [DEBUG] urllib3.connectionpool: https://iss.moex.com:443 "GET /iss/engines/stock/markets/shares/boards/TQBR/securities/FLOT.json?iss.meta=off&iss.only=marketdata%2Csecurities HTTP/1.1" 200 None
2026-04-03 11:14:07 [DEBUG] urllib3.connectionpool: https://iss.moex.com:443 "GET /iss/engines/stock/markets/shares/boards/TQBR/securities/TATN.json?iss.meta=off&iss.only=marketdata%2Csecurities HTTP/1.1" 200 None
2026-04-03 11:14:07 [DEBUG] urllib3.connectionpool: https://iss.moex.com:443 "GET /iss/engines/stock/markets/shares/boards/TQBR/securities/FEES.json?iss.meta=off&iss.only=marketdata%2Csecurities HTTP/1.1" 200 None
2026-04-03 11:14:07 [DEBUG] urllib3.connectionpool: https://iss.moex.com:443 "GET /iss/engines/stock/markets/shares/boards/TQBR/securities/SIBN.json?iss.meta=off&iss.only=marketdata%2Csecurities HTTP/1.1" 200 None
2026-04-03 11:14:07 [DEBUG] urllib3.connectionpool: https://iss.moex.com:443 "GET /iss/engines/stock/markets/shares/boards/TQBR/securities/CBOM.json?iss.meta=off&iss.only=marketdata%2Csecurities HTTP/1.1" 200 None
2026-04-03 11:14:07 [DEBUG] urllib3.connectionpool: https://iss.moex.com:443 "GET /iss/engines/stock/markets/shares/boards/TQBR/securities/NMTP.json?iss.meta=off&iss.only=marketdata%2Csecurities HTTP/1.1" 200 None
2026-04-03 11:14:07 [DEBUG] urllib3.connectionpool: https://iss.moex.com:443 "GET /iss/engines/stock/markets/shares/boards/TQBR/securities/IRAO.json?iss.meta=off&iss.only=marketdata%2Csecurities HTTP/1.1" 200 None
2026-04-03 11:14:07 [DEBUG] urllib3.connectionpool: Starting new HTTPS connection (1): iss.moex.com:443
2026-04-03 11:14:07 [DEBUG] urllib3.connectionpool: Starting new HTTPS connection (1): iss.moex.com:443
2026-04-03 11:14:07 [DEBUG] urllib3.connectionpool: Starting new HTTPS connection (1): iss.moex.com:443
2026-04-03 11:14:07 [DEBUG] urllib3.connectionpool: Starting new HTTPS connection (1): iss.moex.com:443
2026-04-03 11:14:07 [DEBUG] urllib3.connectionpool: Starting new HTTPS connection (1): iss.moex.com:443
2026-04-03 11:14:07 [DEBUG] urllib3.connectionpool: Starting new HTTPS connection (1): iss.moex.com:443
2026-04-03 11:14:07 [DEBUG] urllib3.connectionpool: Starting new HTTPS connection (1): iss.moex.com:443
2026-04-03 11:14:07 [DEBUG] urllib3.connectionpool: Starting new HTTPS connection (1): iss.moex.com:443
2026-04-03 11:14:08 [DEBUG] urllib3.connectionpool: https://iss.moex.com:443 "GET /iss/engines/stock/markets/shares/boards/TQBR/securities/SNGSP/candles.json?from=2025-04-04&till=2026-04-03&interval=7&start=0 HTTP/1.1" 200 None
2026-04-03 11:14:08 [DEBUG] urllib3.connectionpool: https://iss.moex.com:443 "GET /iss/engines/stock/markets/shares/boards/TQBR/securities/IRAO/candles.json?from=2025-04-04&till=2026-04-03&interval=7&start=0 HTTP/1.1" 200 None
2026-04-03 11:14:08 [DEBUG] urllib3.connectionpool: Starting new HTTPS connection (1): iss.moex.com:443
2026-04-03 11:14:08 [DEBUG] urllib3.connectionpool: https://iss.moex.com:443 "GET /iss/engines/stock/markets/shares/boards/TQBR/securities/FEES/candles.json?from=2025-04-04&till=2026-04-03&interval=7&start=0 HTTP/1.1" 200 None
2026-04-03 11:14:08 [DEBUG] urllib3.connectionpool: https://iss.moex.com:443 "GET /iss/engines/stock/markets/shares/boards/TQBR/securities/NMTP/candles.json?from=2025-04-04&till=2026-04-03&interval=7&start=0 HTTP/1.1" 200 None
2026-04-03 11:14:08 [DEBUG] urllib3.connectionpool: https://iss.moex.com:443 "GET /iss/engines/stock/markets/shares/boards/TQBR/securities/CBOM/candles.json?from=2025-04-04&till=2026-04-03&interval=7&start=0 HTTP/1.1" 200 None
2026-04-03 11:14:08 [DEBUG] urllib3.connectionpool: https://iss.moex.com:443 "GET /iss/engines/stock/markets/shares/boards/TQBR/securities/TATN/candles.json?from=2025-04-04&till=2026-04-03&interval=7&start=0 HTTP/1.1" 200 None
2026-04-03 11:14:08 [DEBUG] urllib3.connectionpool: Starting new HTTPS connection (1): iss.moex.com:443
2026-04-03 11:14:08 [DEBUG] urllib3.connectionpool: Starting new HTTPS connection (1): iss.moex.com:443
2026-04-03 11:14:08 [DEBUG] urllib3.connectionpool: Starting new HTTPS connection (1): iss.moex.com:443
2026-04-03 11:14:08 [DEBUG] urllib3.connectionpool: Starting new HTTPS connection (1): iss.moex.com:443
2026-04-03 11:14:08 [DEBUG] urllib3.connectionpool: Starting new HTTPS connection (1): iss.moex.com:443
2026-04-03 11:14:08 [DEBUG] urllib3.connectionpool: https://iss.moex.com:443 "GET /iss/engines/stock/markets/shares/boards/TQBR/securities/SIBN/candles.json?from=2025-04-04&till=2026-04-03&interval=7&start=0 HTTP/1.1" 200 None
2026-04-03 11:14:08 [DEBUG] urllib3.connectionpool: Starting new HTTPS connection (1): iss.moex.com:443
2026-04-03 11:14:08 [DEBUG] urllib3.connectionpool: https://iss.moex.com:443 "GET /iss/engines/stock/markets/shares/boards/TQBR/securities/FLOT/candles.json?from=2025-04-04&till=2026-04-03&interval=7&start=0 HTTP/1.1" 200 None
2026-04-03 11:14:08 [DEBUG] urllib3.connectionpool: Starting new HTTPS connection (1): iss.moex.com:443
2026-04-03 11:14:08 [DEBUG] urllib3.connectionpool: https://iss.moex.com:443 "GET /iss/securities/IRAO/dividends.json?iss.meta=off HTTP/1.1" 200 None
2026-04-03 11:14:08 [INFO] ideas_generator:   IRAO: НЕЙТРАЛЬНО (RSI 53.2, тех: +0, новости: +2, таймфрейм: Недельный EMA20 растёт (3, итого: +2)
2026-04-03 11:14:08 [DEBUG] urllib3.connectionpool: https://iss.moex.com:443 "GET /iss/securities/SNGSP/dividends.json?iss.meta=off HTTP/1.1" 200 None
2026-04-03 11:14:08 [DEBUG] urllib3.connectionpool: https://iss.moex.com:443 "GET /iss/securities/NMTP/dividends.json?iss.meta=off HTTP/1.1" 200 None
2026-04-03 11:14:08 [DEBUG] urllib3.connectionpool: https://iss.moex.com:443 "GET /iss/securities/FEES/dividends.json?iss.meta=off HTTP/1.1" 200 None
2026-04-03 11:14:08 [INFO] ideas_generator:   SNGSP: НЕЙТРАЛЬНО (RSI 30.0, тех: +1, новости: -2, таймфрейм: Недельный EMA20 падает (4, итого: -1)
2026-04-03 11:14:08 [INFO] ideas_generator:   NMTP: НЕЙТРАЛЬНО (RSI 58.4, тех: -3, новости: +3, таймфрейм: Недельный EMA20 растёт (8, итого: +0)
2026-04-03 11:14:08 [INFO] ideas_generator:   FEES: НЕЙТРАЛЬНО (RSI 48.5, тех: +0, новости: +0, таймфрейм: Недельный EMA20 падает (0, итого: +0)
2026-04-03 11:14:08 [DEBUG] urllib3.connectionpool: https://iss.moex.com:443 "GET /iss/securities/TATN/dividends.json?iss.meta=off HTTP/1.1" 200 None
2026-04-03 11:14:08 [INFO] ideas_generator:   TATN: ШОРТ (RSI 55.6, тех: -4, новости: +0, таймфрейм: Недельный EMA20 растёт (6, итого: -4)
2026-04-03 11:14:08 [DEBUG] urllib3.connectionpool: https://iss.moex.com:443 "GET /iss/securities/SIBN/dividends.json?iss.meta=off HTTP/1.1" 200 None
2026-04-03 11:14:08 [INFO] ideas_generator:   SIBN: НЕЙТРАЛЬНО (RSI 49.5, тех: +0, новости: -2, таймфрейм: Недельный EMA20 растёт (5, итого: -2)
2026-04-03 11:14:08 [DEBUG] urllib3.connectionpool: https://iss.moex.com:443 "GET /iss/securities/FLOT/dividends.json?iss.meta=off HTTP/1.1" 200 None
2026-04-03 11:14:08 [INFO] ideas_generator:   FLOT: НЕЙТРАЛЬНО (RSI 45.5, тех: +0, новости: -1, таймфрейм: Недельный EMA20 растёт (8, итого: -1)
2026-04-03 11:14:08 [DEBUG] urllib3.connectionpool: Starting new HTTPS connection (1): iss.moex.com:443
2026-04-03 11:14:08 [DEBUG] urllib3.connectionpool: Starting new HTTPS connection (1): iss.moex.com:443
2026-04-03 11:14:08 [DEBUG] urllib3.connectionpool: Starting new HTTPS connection (1): iss.moex.com:443
2026-04-03 11:14:08 [DEBUG] urllib3.connectionpool: Starting new HTTPS connection (1): iss.moex.com:443
2026-04-03 11:14:08 [DEBUG] urllib3.connectionpool: https://iss.moex.com:443 "GET /iss/securities/CBOM/dividends.json?iss.meta=off HTTP/1.1" 200 None
2026-04-03 11:14:08 [INFO] ideas_generator:   CBOM: ЛОНГ (RSI 36.3, тех: +0, новости: +3, таймфрейм: Недельный EMA20 падает (6, итого: +3)
2026-04-03 11:14:08 [DEBUG] urllib3.connectionpool: https://iss.moex.com:443 "GET /iss/engines/stock/markets/shares/boards/TQBR/securities/LENT/candles.json?from=2026-03-30&till=2026-04-03&interval=24&start=0 HTTP/1.1" 200 None
2026-04-03 11:14:08 [DEBUG] urllib3.connectionpool: https://iss.moex.com:443 "GET /iss/engines/stock/markets/shares/boards/TQBR/securities/AFLT/candles.json?from=2026-03-30&till=2026-04-03&interval=24&start=0 HTTP/1.1" 200 None
2026-04-03 11:14:08 [DEBUG] urllib3.connectionpool: https://iss.moex.com:443 "GET /iss/engines/stock/markets/shares/boards/TQBR/securities/BELU/candles.json?from=2026-03-30&till=2026-04-03&interval=24&start=0 HTTP/1.1" 200 None
2026-04-03 11:14:09 [DEBUG] urllib3.connectionpool: https://iss.moex.com:443 "GET /iss/engines/stock/markets/shares/boards/TQBR/securities/PHOR/candles.json?from=2026-03-30&till=2026-04-03&interval=24&start=0 HTTP/1.1" 200 None
2026-04-03 11:14:09 [DEBUG] urllib3.connectionpool: Starting new HTTPS connection (1): iss.moex.com:443
2026-04-03 11:14:09 [DEBUG] urllib3.connectionpool: Starting new HTTPS connection (1): iss.moex.com:443
2026-04-03 11:14:09 [DEBUG] urllib3.connectionpool: Starting new HTTPS connection (1): iss.moex.com:443
2026-04-03 11:14:09 [DEBUG] urllib3.connectionpool: Starting new HTTPS connection (1): iss.moex.com:443
2026-04-03 11:14:09 [DEBUG] urllib3.connectionpool: https://iss.moex.com:443 "GET /iss/engines/stock/markets/shares/boards/TQBR/securities/AFLT.json?iss.meta=off&iss.only=marketdata%2Csecurities HTTP/1.1" 200 None
2026-04-03 11:14:09 [DEBUG] urllib3.connectionpool: https://iss.moex.com:443 "GET /iss/engines/stock/markets/shares/boards/TQBR/securities/BELU.json?iss.meta=off&iss.only=marketdata%2Csecurities HTTP/1.1" 200 None
2026-04-03 11:14:09 [DEBUG] urllib3.connectionpool: https://iss.moex.com:443 "GET /iss/engines/stock/markets/shares/boards/TQBR/securities/PHOR.json?iss.meta=off&iss.only=marketdata%2Csecurities HTTP/1.1" 200 None
2026-04-03 11:14:09 [DEBUG] urllib3.connectionpool: https://iss.moex.com:443 "GET /iss/engines/stock/markets/shares/boards/TQBR/securities/LENT.json?iss.meta=off&iss.only=marketdata%2Csecurities HTTP/1.1" 200 None
2026-04-03 11:14:09 [DEBUG] urllib3.connectionpool: Starting new HTTPS connection (1): iss.moex.com:443
2026-04-03 11:14:09 [DEBUG] urllib3.connectionpool: Starting new HTTPS connection (1): iss.moex.com:443
2026-04-03 11:14:09 [DEBUG] urllib3.connectionpool: Starting new HTTPS connection (1): iss.moex.com:443
2026-04-03 11:14:09 [DEBUG] urllib3.connectionpool: Starting new HTTPS connection (1): iss.moex.com:443
2026-04-03 11:14:09 [DEBUG] urllib3.connectionpool: https://iss.moex.com:443 "GET /iss/engines/stock/markets/shares/boards/TQBR/securities/BELU/candles.json?from=2025-04-04&till=2026-04-03&interval=7&start=0 HTTP/1.1" 200 None
2026-04-03 11:14:09 [DEBUG] urllib3.connectionpool: https://iss.moex.com:443 "GET /iss/engines/stock/markets/shares/boards/TQBR/securities/AFLT/candles.json?from=2025-04-04&till=2026-04-03&interval=7&start=0 HTTP/1.1" 200 None
2026-04-03 11:14:10 [DEBUG] urllib3.connectionpool: https://iss.moex.com:443 "GET /iss/engines/stock/markets/shares/boards/TQBR/securities/PHOR/candles.json?from=2025-04-04&till=2026-04-03&interval=7&start=0 HTTP/1.1" 200 None
2026-04-03 11:14:10 [DEBUG] urllib3.connectionpool: Starting new HTTPS connection (1): iss.moex.com:443
2026-04-03 11:14:10 [DEBUG] urllib3.connectionpool: Starting new HTTPS connection (1): iss.moex.com:443
2026-04-03 11:14:10 [DEBUG] urllib3.connectionpool: Starting new HTTPS connection (1): iss.moex.com:443
2026-04-03 11:14:10 [DEBUG] urllib3.connectionpool: https://iss.moex.com:443 "GET /iss/securities/BELU/dividends.json?iss.meta=off HTTP/1.1" 200 None
2026-04-03 11:14:10 [INFO] ideas_generator:   BELU: НЕЙТРАЛЬНО (RSI 32.0, тех: +0, новости: +1, таймфрейм: Недельный EMA20 падает (4, итого: +1)
2026-04-03 11:14:10 [DEBUG] urllib3.connectionpool: https://iss.moex.com:443 "GET /iss/securities/PHOR/dividends.json?iss.meta=off HTTP/1.1" 200 None
2026-04-03 11:14:10 [INFO] ideas_generator:   PHOR: НЕЙТРАЛЬНО (RSI 44.6, тех: +2, новости: +0, таймфрейм: Недельный EMA20 растёт (6, итого: +2)
2026-04-03 11:14:10 [DEBUG] urllib3.connectionpool: https://iss.moex.com:443 "GET /iss/engines/stock/markets/shares/boards/TQBR/securities/LENT/candles.json?from=2025-04-04&till=2026-04-03&interval=7&start=0 HTTP/1.1" 200 None
2026-04-03 11:14:10 [DEBUG] urllib3.connectionpool: Starting new HTTPS connection (1): iss.moex.com:443
2026-04-03 11:14:10 [DEBUG] urllib3.connectionpool: https://iss.moex.com:443 "GET /iss/securities/AFLT/dividends.json?iss.meta=off HTTP/1.1" 200 None
2026-04-03 11:14:10 [INFO] ideas_generator:   AFLT: ЛОНГ (RSI 32.5, тех: +3, новости: +3, таймфрейм: Недельный EMA20 падает (5, итого: +6)
2026-04-03 11:14:10 [DEBUG] urllib3.connectionpool: https://iss.moex.com:443 "GET /iss/securities/LENT/dividends.json?iss.meta=off HTTP/1.1" 200 None
2026-04-03 11:14:10 [INFO] ideas_generator:   LENT: НЕЙТРАЛЬНО (RSI 43.7, тех: +2, новости: -1, таймфрейм: Недельный EMA20 растёт (2, итого: +1)
2026-04-03 11:14:10 [INFO] ideas_generator: Итого: 2 лонгов, 2 шортов
2026-04-03 11:14:10 [INFO] main: Результат: 2 лонгов, 2 шортов
2026-04-03 11:14:10 [DEBUG] urllib3.connectionpool: Starting new HTTPS connection (1): api.telegram.org:443
2026-04-03 11:14:11 [DEBUG] urllib3.connectionpool: https://api.telegram.org:443 "POST /bot8500173457:AAGNnlmtuS-AyqXIkqURM2GkNicjsOEQMXA/sendMessage HTTP/1.1" 200 691
2026-04-03 11:14:11 [DEBUG] urllib3.connectionpool: Starting new HTTPS connection (1): api.telegram.org:443
2026-04-03 11:14:11 [DEBUG] urllib3.connectionpool: https://api.telegram.org:443 "POST /bot8500173457:AAGNnlmtuS-AyqXIkqURM2GkNicjsOEQMXA/sendMessage HTTP/1.1" 200 4871
2026-04-03 11:14:11 [DEBUG] urllib3.connectionpool: Starting new HTTPS connection (1): api.telegram.org:443
2026-04-03 11:14:12 [DEBUG] urllib3.connectionpool: https://api.telegram.org:443 "POST /bot8500173457:AAGNnlmtuS-AyqXIkqURM2GkNicjsOEQMXA/sendMessage HTTP/1.1" 200 4825
2026-04-03 11:14:12 [DEBUG] urllib3.connectionpool: Starting new HTTPS connection (1): api.telegram.org:443
2026-04-03 11:14:12 [DEBUG] urllib3.connectionpool: https://api.telegram.org:443 "POST /bot8500173457:AAGNnlmtuS-AyqXIkqURM2GkNicjsOEQMXA/sendMessage HTTP/1.1" 200 4778
2026-04-03 11:14:12 [DEBUG] urllib3.connectionpool: Starting new HTTPS connection (1): api.telegram.org:443
2026-04-03 11:14:12 [DEBUG] urllib3.connectionpool: https://api.telegram.org:443 "POST /bot8500173457:AAGNnlmtuS-AyqXIkqURM2GkNicjsOEQMXA/sendMessage HTTP/1.1" 200 5020
2026-04-03 11:14:12 [INFO] notifier: Telegram: отправлено 4 сообщений
2026-04-03 11:14:12 [INFO] main: Telegram: отправлено
2026-04-03 11:14:12 [INFO] main: Цикл завершён за 10с
